\BOOKMARK [1][-]{section.1}{Einleitung}{}% 1
\BOOKMARK [1][-]{section.2}{Oberfl\344chenspannung von Wasser, Ethanol und Kochsalzl\366sung \(Abrei\337methode\)}{}% 2
\BOOKMARK [2][-]{subsection.2.1}{Versuchsdurchf\374hrung}{section.2}% 3
\BOOKMARK [2][-]{subsection.2.2}{Messwerte und Ergebnisse}{section.2}% 4
\BOOKMARK [3][-]{subsubsection.2.2.1}{Messungen bei Wasser}{subsection.2.2}% 5
\BOOKMARK [3][-]{subsubsection.2.2.2}{Messungen bei Ethanol}{subsection.2.2}% 6
\BOOKMARK [3][-]{subsubsection.2.2.3}{Messungen bei Kochsalzl\366sung}{subsection.2.2}% 7
\BOOKMARK [2][-]{subsection.2.3}{Fehlerrechnung}{section.2}% 8
\BOOKMARK [3][-]{subsubsection.2.3.1}{Standardabweichung und Gr\366\337tfehler von \040bei Wasser}{subsection.2.3}% 9
\BOOKMARK [3][-]{subsubsection.2.3.2}{Standardabweichung und Gr\366\337tfehler von \040bei Ethanol}{subsection.2.3}% 10
\BOOKMARK [3][-]{subsubsection.2.3.3}{Standardabweichung und Gr\366\337tfehler von \040bei Kochsalzl\366sung}{subsection.2.3}% 11
\BOOKMARK [2][-]{subsection.2.4}{Ergebnisdiskussion}{section.2}% 12
\BOOKMARK [1][-]{section.3}{Oberfl\344chenspannung von Tensidl\366sungen}{}% 13
\BOOKMARK [2][-]{subsection.3.1}{Versuchsdurchf\374hrung}{section.3}% 14
\BOOKMARK [2][-]{subsection.3.2}{Messwerte und Ergebnisse}{section.3}% 15
\BOOKMARK [2][-]{subsection.3.3}{Ergebnisdiskussion}{section.3}% 16
\BOOKMARK [1][-]{section.4}{Oberfl\344chenspannung von Wasser und einer SDS-L\366sung \(Kapillarmethode\)}{}% 17
\BOOKMARK [2][-]{subsection.4.1}{Versuchsdurchf\374hrung}{section.4}% 18
\BOOKMARK [2][-]{subsection.4.2}{Messwerte und Ergebnisse}{section.4}% 19
\BOOKMARK [2][-]{subsection.4.3}{Ergebnisdiskussion}{section.4}% 20
\BOOKMARK [1][-]{section.5}{Benetzung von Oberfl\344chen}{}% 21
\BOOKMARK [2][-]{subsection.5.1}{Versuchsdurchf\374hrung}{section.5}% 22
\BOOKMARK [2][-]{subsection.5.2}{Messwerte und Ergebnisse}{section.5}% 23
\BOOKMARK [2][-]{subsection.5.3}{Ergebnisdiskussion}{section.5}% 24
