\BOOKMARK [1][-]{section.1}{Einleitung}{}% 1
\BOOKMARK [1][-]{section.2}{Versuch 1: Schallgeschwindigkeiten in Gasen \(Luft und CO2\)}{}% 2
\BOOKMARK [2][-]{subsection.2.1}{Versuchsdurchf\374hrung}{section.2}% 3
\BOOKMARK [2][-]{subsection.2.2}{Messwerte und Ergebnisse}{section.2}% 4
\BOOKMARK [3][-]{subsubsection.2.2.1}{Im Medium Luft}{subsection.2.2}% 5
\BOOKMARK [3][-]{subsubsection.2.2.2}{Im Medium CO2}{subsection.2.2}% 6
\BOOKMARK [2][-]{subsection.2.3}{Fehlerrechnung}{section.2}% 7
\BOOKMARK [2][-]{subsection.2.4}{Ergebnisdiskussion}{section.2}% 8
\BOOKMARK [1][-]{section.3}{Versuch 2: Schallgeschwindigkeit in einem Messingstab}{}% 9
\BOOKMARK [2][-]{subsection.3.1}{Versuchsdurchf\374hrung}{section.3}% 10
\BOOKMARK [2][-]{subsection.3.2}{Messwerte und Ergebnisse}{section.3}% 11
\BOOKMARK [2][-]{subsection.3.3}{Ergebnisdiskussion}{section.3}% 12
\BOOKMARK [1][-]{section.4}{Versuch 3: Direkte Messung der Schallgeschwindigkeit in Luft}{}% 13
\BOOKMARK [2][-]{subsection.4.1}{Versuchsdurchf\374hrung}{section.4}% 14
\BOOKMARK [2][-]{subsection.4.2}{Messwerte und Ergebnisse}{section.4}% 15
\BOOKMARK [2][-]{subsection.4.3}{Ergebnisdiskussion}{section.4}% 16
\BOOKMARK [1][-]{section.5}{Versuch 4: Messung der Schallgeschwindigkeit mittels Frequenzanalyse}{}% 17
\BOOKMARK [2][-]{subsection.5.1}{Versuchsdurchf\374hrung}{section.5}% 18
\BOOKMARK [2][-]{subsection.5.2}{Messwerte und Ergebnisse}{section.5}% 19
\BOOKMARK [2][-]{subsection.5.3}{Ergebnisdiskussion}{section.5}% 20
