\BOOKMARK [1][-]{section.1}{Einleitung}{}% 1
\BOOKMARK [1][-]{section.2}{Strukturaufkl\344rung \(Bestimmung einer Gitterkonstanten\)}{}% 2
\BOOKMARK [2][-]{subsection.2.1}{Versuchsdurchf\374hrung}{section.2}% 3
\BOOKMARK [2][-]{subsection.2.2}{Fehlerrechnung}{section.2}% 4
\BOOKMARK [2][-]{subsection.2.3}{Messwerte und Ergebnisse}{section.2}% 5
\BOOKMARK [2][-]{subsection.2.4}{Ergebnisdiskussion}{section.2}% 6
\BOOKMARK [1][-]{section.3}{Bestimmung der Spurweite einer CD bzw. DVD}{}% 7
\BOOKMARK [2][-]{subsection.3.1}{Versuchsdurchf\374hrung}{section.3}% 8
\BOOKMARK [2][-]{subsection.3.2}{Messwerte und Ergebnisse}{section.3}% 9
\BOOKMARK [2][-]{subsection.3.3}{Ergebnisdiskussion}{section.3}% 10
\BOOKMARK [1][-]{section.4}{Spektralanalyse \(Untersuchung einer unbekannten Lichtquelle\)}{}% 11
\BOOKMARK [2][-]{subsection.4.1}{Versuchsdurchf\374hrung}{section.4}% 12
\BOOKMARK [2][-]{subsection.4.2}{Messwerte und Ergebnisse}{section.4}% 13
\BOOKMARK [2][-]{subsection.4.3}{Ergebnisdiskussion}{section.4}% 14
\BOOKMARK [1][-]{section.5}{Strukturaufkl\344rung \(Bestimmung einer Gitterkonstanten\)}{}% 15
\BOOKMARK [2][-]{subsection.5.1}{Versuchsdurchf\374hrung}{section.5}% 16
\BOOKMARK [2][-]{subsection.5.2}{Messwerte und Ergebnisse}{section.5}% 17
\BOOKMARK [2][-]{subsection.5.3}{Ergebnisdiskussion}{section.5}% 18
\BOOKMARK [1][-]{section.6}{Strukturaufkl\344rung \(Bestimmung einer Gitterkonstanten\)}{}% 19
\BOOKMARK [2][-]{subsection.6.1}{Versuchsdurchf\374hrung}{section.6}% 20
\BOOKMARK [2][-]{subsection.6.2}{Messwerte und Ergebnisse}{section.6}% 21
\BOOKMARK [2][-]{subsection.6.3}{Ergebnisdiskussion}{section.6}% 22
